# JRE version: Java(TM) SE Runtime Environment (15.0.2+7) (build 15.0.2+7-27)
# Java VM: Java HotSpot(TM) 64-Bit Server VM (15.0.2+7-27, mixed mode, sharing, tiered, compressed oops, g1 gc, windows-amd64)
GC Precious Log:
 CPUs: 8 total, 8 available
 Memory: 16118M
 Large Page Support: Disabled
 NUMA Support: Disabled
 Compressed Oops: Enabled (Zero based)
 Heap Region Size: 2M
 Heap Min Capacity: 8M
 Heap Initial Capacity: 252M
 Heap Max Capacity: 4030M
 Pre-touch: Disabled
 Parallel Workers: 8
 Concurrent Workers: 2
 Concurrent Refinement Workers: 8
 Periodic GC: Disabled
Heap:
 garbage-first heap   total 258048K, used 59399K [0x0000000704200000, 0x0000000800000000)
  region size 2048K, 26 young (53248K), 3 survivors (6144K)
 Metaspace       used 17530K, capacity 17758K, committed 17920K, reserved 1064960K
  class space    used 1845K, capacity 1926K, committed 2048K, reserved 1048576K
GC Heap History (6 events):
Event: 0.655 GC heap before
{Heap before GC invocations=0 (full 0):
 garbage-first heap   total 258048K, used 20480K [0x0000000704200000, 0x0000000800000000)
  region size 2048K, 11 young (22528K), 0 survivors (0K)
 Metaspace       used 3290K, capacity 4998K, committed 5120K, reserved 1056768K
  class space    used 278K, capacity 429K, committed 512K, reserved 1048576K
}
Event: 0.658 GC heap after
{Heap after GC invocations=1 (full 0):
 garbage-first heap   total 258048K, used 8982K [0x0000000704200000, 0x0000000800000000)
  region size 2048K, 2 young (4096K), 2 survivors (4096K)
 Metaspace       used 3290K, capacity 4998K, committed 5120K, reserved 1056768K
  class space    used 278K, capacity 429K, committed 512K, reserved 1048576K
}
Event: 0.907 GC heap before
{Heap before GC invocations=1 (full 0):
 garbage-first heap   total 258048K, used 27414K [0x0000000704200000, 0x0000000800000000)
  region size 2048K, 11 young (22528K), 2 survivors (4096K)
 Metaspace       used 6222K, capacity 6379K, committed 6656K, reserved 1056768K
  class space    used 583K, capacity 651K, committed 768K, reserved 1048576K
}
Event: 0.910 GC heap after
{Heap after GC invocations=2 (full 0):
 garbage-first heap   total 258048K, used 11437K [0x0000000704200000, 0x0000000800000000)
  region size 2048K, 2 young (4096K), 2 survivors (4096K)
 Metaspace       used 6222K, capacity 6379K, committed 6656K, reserved 1056768K
  class space    used 583K, capacity 651K, committed 768K, reserved 1048576K
}
Event: 1.441 GC heap before
{Heap before GC invocations=2 (full 0):
 garbage-first heap   total 258048K, used 54445K [0x0000000704200000, 0x0000000800000000)
  region size 2048K, 24 young (49152K), 2 survivors (4096K)
 Metaspace       used 11506K, capacity 11666K, committed 11904K, reserved 1060864K
  class space    used 1064K, capacity 1112K, committed 1152K, reserved 1048576K
}
Event: 1.444 GC heap after
{Heap after GC invocations=3 (full 0):
 garbage-first heap   total 258048K, used 14343K [0x0000000704200000, 0x0000000800000000)
  region size 2048K, 3 young (6144K), 3 survivors (6144K)
 Metaspace       used 11506K, capacity 11666K, committed 11904K, reserved 1060864K
  class space    used 1064K, capacity 1112K, committed 1152K, reserved 1048576K
}

