<?xml version="1.0" encoding="UTF-8"?>
<!-- Generated by org.testng.reporters.JUnitXMLReporter -->
<testsuite ignored="2" hostname="DESKTOP-QD0P0H4" failures="1" tests="7" name="Test" time="0.043" errors="0" timestamp="2021-06-14T01:20:51 EDT">
  <testcase classname="week6.day2.LearnGroups" name="login" time="0.004"/>
  <testcase classname="week6.day2.LearnGroups" name="createLead" time="0.001"/>
  <testcase classname="week6.day2.LearnGroups" name="deleteLead" time="0.001"/>
  <testcase classname="week6.day2.LearnGroups" name="editLead" time="0.001">
    <skipped/>
  </testcase> <!-- editLead -->
  <testcase classname="week6.day2.LearnGroups" name="editLead" time="0.001">
    <skipped/>
  </testcase> <!-- editLead -->
  <testcase classname="week6.day2.LearnGroups" name="editLead" time="0.001">
    <skipped/>
  </testcase> <!-- editLead -->
  <testcase classname="week6.day2.LearnGroups" name="editLead" time="0.001">
    <failure type="java.util.NoSuchElementException">
      <![CDATA[java.util.NoSuchElementException
at week6.day2.LearnGroups.editLead(LearnGroups.java:29)
at java.base/java.util.ArrayList.forEach(ArrayList.java:1511)
... Removed 27 stack frames]]>
    </failure>
  </testcase> <!-- editLead -->
  <testcase classname="week6.day2.LearnGroups" name="mergeLead" time="0.0">
    <ignored/>
  </testcase> <!-- mergeLead -->
  <testcase classname="week6.day2.LearnGroups" name="duplicateLead" time="0.0">
    <ignored/>
  </testcase> <!-- duplicateLead -->
</testsuite> <!-- Test -->
