<?xml version="1.0" encoding="UTF-8"?>
<!-- Generated by org.testng.reporters.JUnitXMLReporter -->
<testsuite ignored="0" hostname="DESKTOP-QD0P0H4" failures="0" tests="9" name="Test" time="118.119" errors="0" timestamp="2021-06-06T17:44:59 EDT">
  <testcase classname="org.testcase.DuplicateLead" name="runDuplicateLead" time="11.571"/>
  <testcase classname="org.testcase.DuplicateLead" name="runDuplicateLead" time="8.693"/>
  <testcase classname="org.testcase.CreateLead" name="runCreateTestLead" time="6.268"/>
  <testcase classname="org.testcase.CreateLead" name="runCreateTestLead" time="4.231"/>
  <testcase classname="org.testcase.CreateLead" name="runCreateTestLead" time="4.702"/>
  <testcase classname="org.testcase.EditLead" name="runEditLead" time="9.472"/>
  <testcase classname="org.testcase.EditLead" name="runEditLead" time="8.451"/>
  <testcase classname="org.testcase.DeleteLead" name="runDeleteLead" time="9.687"/>
  <testcase classname="org.testcase.DeleteLead" name="runDeleteLead" time="7.902"/>
</testsuite> <!-- Test -->
