<?xml version="1.0" encoding="UTF-8"?>
<testng-results ignored="0" total="6" passed="6" failed="0" skipped="0">
  <reporter-output>
  </reporter-output>
  <suite started-at="2021-06-12T22:31:08 EDT" name="Default suite" finished-at="2021-06-12T22:32:06 EDT" duration-ms="58517">
    <groups>
      <group name="cucumber">
        <method signature="AbstractTestNGCucumberTests.runScenario(io.cucumber.testng.PickleWrapper, io.cucumber.testng.FeatureWrapper)[pri:0, instance:runner.RunTest@7f3b84b8]" name="runScenario" class="io.cucumber.testng.AbstractTestNGCucumberTests"/>
      </group> <!-- cucumber -->
    </groups>
    <test started-at="2021-06-12T22:31:08 EDT" name="Default test" finished-at="2021-06-12T22:32:06 EDT" duration-ms="58517">
      <class name="runner.RunTest">
        <test-method is-config="true" signature="setUpClass()[pri:0, instance:runner.RunTest@7f3b84b8]" started-at="2021-06-12T22:31:08 EDT" name="setUpClass" finished-at="2021-06-12T22:31:08 EDT" duration-ms="329" status="PASS">
          <reporter-output>
          </reporter-output>
        </test-method> <!-- setUpClass -->
        <test-method signature="runScenario(io.cucumber.testng.PickleWrapper, io.cucumber.testng.FeatureWrapper)[pri:0, instance:runner.RunTest@7f3b84b8]" started-at="2021-06-12T22:31:08 EDT" name="runScenario" description="Runs Cucumber Scenarios" data-provider="scenarios" finished-at="2021-06-12T22:31:23 EDT" duration-ms="14792" status="PASS">
          <params>
            <param index="0">
              <value>
                <![CDATA["TC001_Login with positive data"]]>
              </value>
            </param>
            <param index="1">
              <value>
                <![CDATA["Optional[Create Lead functionality]"]]>
              </value>
            </param>
          </params>
          <reporter-output>
          </reporter-output>
        </test-method> <!-- runScenario -->
        <test-method signature="runScenario(io.cucumber.testng.PickleWrapper, io.cucumber.testng.FeatureWrapper)[pri:0, instance:runner.RunTest@7f3b84b8]" started-at="2021-06-12T22:31:23 EDT" name="runScenario" description="Runs Cucumber Scenarios" data-provider="scenarios" finished-at="2021-06-12T22:31:38 EDT" duration-ms="15433" status="PASS">
          <params>
            <param index="0">
              <value>
                <![CDATA["TC4_DeleteLead with positive data"]]>
              </value>
            </param>
            <param index="1">
              <value>
                <![CDATA["Optional[Delete Lead functionality]"]]>
              </value>
            </param>
          </params>
          <reporter-output>
          </reporter-output>
        </test-method> <!-- runScenario -->
        <test-method signature="runScenario(io.cucumber.testng.PickleWrapper, io.cucumber.testng.FeatureWrapper)[pri:0, instance:runner.RunTest@7f3b84b8]" started-at="2021-06-12T22:31:38 EDT" name="runScenario" description="Runs Cucumber Scenarios" data-provider="scenarios" finished-at="2021-06-12T22:31:55 EDT" duration-ms="17090" status="PASS">
          <params>
            <param index="0">
              <value>
                <![CDATA["TC001_Edit_Lead with positive data"]]>
              </value>
            </param>
            <param index="1">
              <value>
                <![CDATA["Optional[Edit Lead functionality]"]]>
              </value>
            </param>
          </params>
          <reporter-output>
          </reporter-output>
        </test-method> <!-- runScenario -->
        <test-method signature="runScenario(io.cucumber.testng.PickleWrapper, io.cucumber.testng.FeatureWrapper)[pri:0, instance:runner.RunTest@7f3b84b8]" started-at="2021-06-12T22:31:55 EDT" name="runScenario" description="Runs Cucumber Scenarios" data-provider="scenarios" finished-at="2021-06-12T22:31:58 EDT" duration-ms="3228" status="PASS">
          <params>
            <param index="0">
              <value>
                <![CDATA["TC001_Login with positive data"]]>
              </value>
            </param>
            <param index="1">
              <value>
                <![CDATA["Optional[Login functionality of leaftap application]"]]>
              </value>
            </param>
          </params>
          <reporter-output>
          </reporter-output>
        </test-method> <!-- runScenario -->
        <test-method signature="runScenario(io.cucumber.testng.PickleWrapper, io.cucumber.testng.FeatureWrapper)[pri:0, instance:runner.RunTest@7f3b84b8]" started-at="2021-06-12T22:31:58 EDT" name="runScenario" description="Runs Cucumber Scenarios" data-provider="scenarios" finished-at="2021-06-12T22:32:02 EDT" duration-ms="3078" status="PASS">
          <params>
            <param index="0">
              <value>
                <![CDATA["TC001_Login with positive data"]]>
              </value>
            </param>
            <param index="1">
              <value>
                <![CDATA["Optional[Login functionality of leaftap application]"]]>
              </value>
            </param>
          </params>
          <reporter-output>
          </reporter-output>
        </test-method> <!-- runScenario -->
        <test-method signature="runScenario(io.cucumber.testng.PickleWrapper, io.cucumber.testng.FeatureWrapper)[pri:0, instance:runner.RunTest@7f3b84b8]" started-at="2021-06-12T22:32:02 EDT" name="runScenario" description="Runs Cucumber Scenarios" data-provider="scenarios" finished-at="2021-06-12T22:32:04 EDT" duration-ms="2892" status="PASS">
          <params>
            <param index="0">
              <value>
                <![CDATA["TC002_Login with negative data"]]>
              </value>
            </param>
            <param index="1">
              <value>
                <![CDATA["Optional[Login functionality of leaftap application]"]]>
              </value>
            </param>
          </params>
          <reporter-output>
          </reporter-output>
        </test-method> <!-- runScenario -->
        <test-method is-config="true" signature="tearDownClass()[pri:0, instance:runner.RunTest@7f3b84b8]" started-at="2021-06-12T22:32:04 EDT" name="tearDownClass" finished-at="2021-06-12T22:32:06 EDT" duration-ms="1644" status="PASS">
          <reporter-output>
          </reporter-output>
        </test-method> <!-- tearDownClass -->
      </class> <!-- runner.RunTest -->
    </test> <!-- Default test -->
  </suite> <!-- Default suite -->
</testng-results>
